<?xml version="1.0" encoding="UTF-8"?>
<testsuite xmlns:xsi="http://www.w3.org/2001/XMLSchema-instance" xsi:noNamespaceSchemaLocation="https://maven.apache.org/surefire/maven-surefire-plugin/xsd/surefire-test-report-3.0.xsd" version="3.0" name="TestSuite" time="7.59" tests="1" errors="0" skipped="0" failures="0">
  <properties>
[...]
</properties>
  <testcase name="Test1" classname="com.codewithciaran.Test_BaseSetup.Tests" time="0.984">
    <system-out><![CDATA[STARTING AND LOADING FIREFOX BROWSER CONFIGURATION !!
NAVIGATING TO THE TEST URL !!
]]></system-out>
    <system-err><![CDATA[1689448200565	geckodriver	INFO	Listening on 127.0.0.1:25268
1689448200746	mozrunner::runner	INFO	Running command: MOZ_CRASHREPORTER="1" MOZ_CRASHREPORTER_NO_REPORT="1" MOZ_CRASHREPORTER_SHUTDOWN="1" MOZ_NO_REMOTE="1" "/App ... /[::1]:18619/" "-foreground" "-no-remote" "-profile" "/var/folders/l6/tn0_11pn6t76m0f7m8qp_nxr0000gn/T/rust_mozprofile0nyjBH"
console.warn: services.settings: Ignoring preference override of remote settings server
console.warn: services.settings: Allow by setting MOZ_REMOTE_SETTINGS_DEVTOOLS=1 in the environment
1689448201317	Marionette	INFO	Marionette enabled
console.error: "Warning: unrecognized command line flag -remote-allow-hosts\n"
console.error: "Warning: unrecognized command line flag -remote-allow-origins\n"
1689448201522	Marionette	INFO	Listening on port 58211
Read port: 58211
WebDriver BiDi listening on ws://127.0.0.1:18619
1689448201787	RemoteAgent	WARN	TLS certificate errors will be ignored for this session
DevTools listening on ws://127.0.0.1:18619/devtools/browser/928cd4a6-877a-406f-9222-7d1fe760c2a9
console.warn: LoginRecipes: "Falling back to a synchronous message for: https://www.saucedemo.com."
console.warn: LoginRecipes: "Falling back to a synchronous message for: https://www.saucedemo.com."
]]></system-err>
  </testcase>
</testsuite>