<?xml version="1.0" encoding="UTF-8"?>
<testng-results ignored="0" total="1" passed="1" failed="0" skipped="0">
  <reporter-output>
  </reporter-output>
  <suite started-at="2023-07-15T20:34:02 IST" name="All Test Suite" finished-at="2023-07-15T20:34:03 IST" duration-ms="987">
    <groups>
    </groups>
    <test started-at="2023-07-15T20:34:02 IST" name="Testing Sauce Labs !!" finished-at="2023-07-15T20:34:03 IST" duration-ms="987">
      <class name="com.codewithciaran.Test_BaseSetup.Tests">
        <test-method is-config="true" signature="call_BaseSetup()[pri:0, instance:com.codewithciaran.Test_BaseSetup.Tests@226f885f]" started-at="2023-07-15T20:33:58 IST" name="call_BaseSetup" finished-at="2023-07-15T20:34:02 IST" duration-ms="3969" status="PASS">
          <reporter-output>
          </reporter-output>
        </test-method> <!-- call_BaseSetup -->
        <test-method signature="Test1()[pri:0, instance:com.codewithciaran.Test_BaseSetup.Tests@226f885f]" started-at="2023-07-15T20:34:02 IST" name="Test1" finished-at="2023-07-15T20:34:03 IST" duration-ms="947" status="PASS">
          <reporter-output>
          </reporter-output>
        </test-method> <!-- Test1 -->
        <test-method is-config="true" signature="tearDown()[pri:0, instance:com.codewithciaran.Test_BaseSetup.Tests@226f885f]" started-at="2023-07-15T20:34:04 IST" name="tearDown" finished-at="2023-07-15T20:34:04 IST" duration-ms="707" status="PASS">
          <reporter-output>
          </reporter-output>
        </test-method> <!-- tearDown -->
      </class> <!-- com.codewithciaran.Test_BaseSetup.Tests -->
    </test> <!-- Testing Sauce Labs !! -->
  </suite> <!-- All Test Suite -->
</testng-results>
